ERROR:root:Ocorreu um erro: chdir: path should be string, bytes, os.PathLike or integer, not NoneType
ERROR:app:Exception on /renomear [GET]
Traceback (most recent call last):
  File "/data/data/com.termux/files/usr/lib/python3.11/site-packages/flask/app.py", line 1455, in wsgi_app
    response = self.full_dispatch_request()
               ^^^^^^^^^^^^^^^^^^^^^^^^^^^^
  File "/data/data/com.termux/files/usr/lib/python3.11/site-packages/flask/app.py", line 869, in full_dispatch_request
    rv = self.handle_user_exception(e)
         ^^^^^^^^^^^^^^^^^^^^^^^^^^^^^
  File "/data/data/com.termux/files/usr/lib/python3.11/site-packages/flask/app.py", line 867, in full_dispatch_request
    rv = self.dispatch_request()
         ^^^^^^^^^^^^^^^^^^^^^^^
  File "/data/data/com.termux/files/usr/lib/python3.11/site-packages/flask/app.py", line 852, in dispatch_request
    return self.ensure_sync(self.view_functions[rule.endpoint])(**view_args)
           ^^^^^^^^^^^^^^^^^^^^^^^^^^^^^^^^^^^^^^^^^^^^^^^^^^^^^^^^^^^^^^^^^
  File "/data/data/com.termux/files/home/renomeador-arquivo/app/__init__.py", line 76, in renomear
    return render_template('renomeador.html', renomeacoes=renomeacoes)
                                                          ^^^^^^^^^^^
UnboundLocalError: cannot access local variable 'renomeacoes' where it is not associated with a value
INFO:werkzeug:127.0.0.1 - - [01/Feb/2024 23:07:16] "[35m[1mGET /renomear HTTP/1.1[0m" 500 -
ERROR:root:Ocorreu um erro: Diret√≥rio n√£o especificado no formul√°rio.
ERROR:app:Exception on /renomear [GET]
Traceback (most recent call last):
  File "/data/data/com.termux/files/usr/lib/python3.11/site-packages/flask/app.py", line 1455, in wsgi_app
    response = self.full_dispatch_request()
               ^^^^^^^^^^^^^^^^^^^^^^^^^^^^
  File "/data/data/com.termux/files/usr/lib/python3.11/site-packages/flask/app.py", line 869, in full_dispatch_request
    rv = self.handle_user_exception(e)
         ^^^^^^^^^^^^^^^^^^^^^^^^^^^^^
  File "/data/data/com.termux/files/usr/lib/python3.11/site-packages/flask/app.py", line 867, in full_dispatch_request
    rv = self.dispatch_request()
         ^^^^^^^^^^^^^^^^^^^^^^^
  File "/data/data/com.termux/files/usr/lib/python3.11/site-packages/flask/app.py", line 852, in dispatch_request
    return self.ensure_sync(self.view_functions[rule.endpoint])(**view_args)
           ^^^^^^^^^^^^^^^^^^^^^^^^^^^^^^^^^^^^^^^^^^^^^^^^^^^^^^^^^^^^^^^^^
  File "/data/data/com.termux/files/home/renomeador-arquivo/app/__init__.py", line 76, in renomear
    return render_template('renomeador.html', renomeacoes=renomeacoes)
                                                          ^^^^^^^^^^^
UnboundLocalError: cannot access local variable 'renomeacoes' where it is not associated with a value
INFO:werkzeug:127.0.0.1 - - [01/Feb/2024 23:09:29] "[35m[1mGET /renomear HTTP/1.1[0m" 500 -
ERROR:root:Ocorreu um erro: Diret√≥rio n√£o especificado no formul√°rio.
ERROR:app:Exception on /renomear [GET]
Traceback (most recent call last):
  File "/data/data/com.termux/files/usr/lib/python3.11/site-packages/flask/app.py", line 1455, in wsgi_app
    response = self.full_dispatch_request()
               ^^^^^^^^^^^^^^^^^^^^^^^^^^^^
  File "/data/data/com.termux/files/usr/lib/python3.11/site-packages/flask/app.py", line 869, in full_dispatch_request
    rv = self.handle_user_exception(e)
         ^^^^^^^^^^^^^^^^^^^^^^^^^^^^^
  File "/data/data/com.termux/files/usr/lib/python3.11/site-packages/flask/app.py", line 867, in full_dispatch_request
    rv = self.dispatch_request()
         ^^^^^^^^^^^^^^^^^^^^^^^
  File "/data/data/com.termux/files/usr/lib/python3.11/site-packages/flask/app.py", line 852, in dispatch_request
    return self.ensure_sync(self.view_functions[rule.endpoint])(**view_args)
           ^^^^^^^^^^^^^^^^^^^^^^^^^^^^^^^^^^^^^^^^^^^^^^^^^^^^^^^^^^^^^^^^^
  File "/data/data/com.termux/files/home/renomeador-arquivo/app/__init__.py", line 76, in renomear
    return render_template('renomeador.html', renomeacoes=renomeacoes)
                                                          ^^^^^^^^^^^
UnboundLocalError: cannot access local variable 'renomeacoes' where it is not associated with a value
INFO:werkzeug:127.0.0.1 - - [01/Feb/2024 23:10:20] "[35m[1mGET /renomear HTTP/1.1[0m" 500 -
ERROR:root:Ocorreu um erro: Diret√≥rio n√£o especificado no formul√°rio.
ERROR:app:Exception on /renomear [GET]
Traceback (most recent call last):
  File "/data/data/com.termux/files/usr/lib/python3.11/site-packages/flask/app.py", line 1455, in wsgi_app
    response = self.full_dispatch_request()
               ^^^^^^^^^^^^^^^^^^^^^^^^^^^^
  File "/data/data/com.termux/files/usr/lib/python3.11/site-packages/flask/app.py", line 869, in full_dispatch_request
    rv = self.handle_user_exception(e)
         ^^^^^^^^^^^^^^^^^^^^^^^^^^^^^
  File "/data/data/com.termux/files/usr/lib/python3.11/site-packages/flask/app.py", line 867, in full_dispatch_request
    rv = self.dispatch_request()
         ^^^^^^^^^^^^^^^^^^^^^^^
  File "/data/data/com.termux/files/usr/lib/python3.11/site-packages/flask/app.py", line 852, in dispatch_request
    return self.ensure_sync(self.view_functions[rule.endpoint])(**view_args)
           ^^^^^^^^^^^^^^^^^^^^^^^^^^^^^^^^^^^^^^^^^^^^^^^^^^^^^^^^^^^^^^^^^
  File "/data/data/com.termux/files/home/renomeador-arquivo/app/__init__.py", line 76, in renomear
    return render_template('renomeador.html', renomeacoes=renomeacoes)
                                                          ^^^^^^^^^^^
UnboundLocalError: cannot access local variable 'renomeacoes' where it is not associated with a value
INFO:werkzeug:127.0.0.1 - - [01/Feb/2024 23:12:36] "[35m[1mGET /renomear HTTP/1.1[0m" 500 -
ERROR:root:Ocorreu um erro: Diret√≥rio n√£o especificado no formul√°rio.
ERROR:app:Exception on /renomear [GET]
Traceback (most recent call last):
  File "/data/data/com.termux/files/usr/lib/python3.11/site-packages/flask/app.py", line 1455, in wsgi_app
    response = self.full_dispatch_request()
               ^^^^^^^^^^^^^^^^^^^^^^^^^^^^
  File "/data/data/com.termux/files/usr/lib/python3.11/site-packages/flask/app.py", line 869, in full_dispatch_request
    rv = self.handle_user_exception(e)
         ^^^^^^^^^^^^^^^^^^^^^^^^^^^^^
  File "/data/data/com.termux/files/usr/lib/python3.11/site-packages/flask/app.py", line 867, in full_dispatch_request
    rv = self.dispatch_request()
         ^^^^^^^^^^^^^^^^^^^^^^^
  File "/data/data/com.termux/files/usr/lib/python3.11/site-packages/flask/app.py", line 852, in dispatch_request
    return self.ensure_sync(self.view_functions[rule.endpoint])(**view_args)
           ^^^^^^^^^^^^^^^^^^^^^^^^^^^^^^^^^^^^^^^^^^^^^^^^^^^^^^^^^^^^^^^^^
  File "/data/data/com.termux/files/home/renomeador-arquivo/app/__init__.py", line 76, in renomear
    return render_template('renomeador.html', renomeacoes=renomeacoes)
                                                          ^^^^^^^^^^^
UnboundLocalError: cannot access local variable 'renomeacoes' where it is not associated with a value
INFO:werkzeug:127.0.0.1 - - [01/Feb/2024 23:14:45] "[35m[1mGET /renomear HTTP/1.1[0m" 500 -
ERROR:root:Ocorreu um erro: Diret√≥rio n√£o especificado no formul√°rio.
ERROR:app:Exception on /renomear [GET]
Traceback (most recent call last):
  File "/data/data/com.termux/files/usr/lib/python3.11/site-packages/flask/app.py", line 1455, in wsgi_app
    response = self.full_dispatch_request()
               ^^^^^^^^^^^^^^^^^^^^^^^^^^^^
  File "/data/data/com.termux/files/usr/lib/python3.11/site-packages/flask/app.py", line 869, in full_dispatch_request
    rv = self.handle_user_exception(e)
         ^^^^^^^^^^^^^^^^^^^^^^^^^^^^^
  File "/data/data/com.termux/files/usr/lib/python3.11/site-packages/flask/app.py", line 867, in full_dispatch_request
    rv = self.dispatch_request()
         ^^^^^^^^^^^^^^^^^^^^^^^
  File "/data/data/com.termux/files/usr/lib/python3.11/site-packages/flask/app.py", line 852, in dispatch_request
    return self.ensure_sync(self.view_functions[rule.endpoint])(**view_args)
           ^^^^^^^^^^^^^^^^^^^^^^^^^^^^^^^^^^^^^^^^^^^^^^^^^^^^^^^^^^^^^^^^^
  File "/data/data/com.termux/files/home/renomeador-arquivo/app/__init__.py", line 76, in renomear
    return render_template('renomeador.html', renomeacoes=renomeacoes)
                                                          ^^^^^^^^^^^
UnboundLocalError: cannot access local variable 'renomeacoes' where it is not associated with a value
INFO:werkzeug:127.0.0.1 - - [01/Feb/2024 23:17:36] "[35m[1mGET /renomear HTTP/1.1[0m" 500 -
INFO:werkzeug:[31m[1mWARNING: This is a development server. Do not use it in a production deployment. Use a production WSGI server instead.[0m
 * Running on http://127.0.0.1:5000
INFO:werkzeug:[33mPress CTRL+C to quit[0m
INFO:werkzeug:127.0.0.1 - - [01/Feb/2024 23:24:54] "GET / HTTP/1.1" 200 -
INFO:root:Diret√≥rio: /storage/emulated/0/Download/teste
INFO:root:Renomea√ß√µes realizadas em /storage/emulated/0/Download/teste: [('foto 1.jpeg', 'nome 0.jpeg'), ('foto 3.jpeg', 'nome 1.jpeg'), ('foto 4.jpeg', 'nome 3.jpeg'), ('foto 5.jpeg', 'nome 4.jpeg'), ('foto 7.jpeg', 'nome 5.jpeg'), ('foto 8.jpeg', 'nome 6.jpeg'), ('foto 0.jpeg', 'nome 8.jpeg')]
ERROR:root:Ocorreu um erro: renomeador.html
ERROR:app:Exception on /renomear [POST]
Traceback (most recent call last):
  File "/data/data/com.termux/files/home/renomeador-arquivo/app/__init__.py", line 44, in renomear
    return render_template('renomeador.html', renomeacoes=renomeacoes, success_message='Arquivos renomeados com sucesso.')
           ^^^^^^^^^^^^^^^^^^^^^^^^^^^^^^^^^^^^^^^^^^^^^^^^^^^^^^^^^^^^^^^^^^^^^^^^^^^^^^^^^^^^^^^^^^^^^^^^^^^^^^^^^^^^^^^
  File "/data/data/com.termux/files/usr/lib/python3.11/site-packages/flask/templating.py", line 151, in render_template
    template = app.jinja_env.get_or_select_template(template_name_or_list)
               ^^^^^^^^^^^^^^^^^^^^^^^^^^^^^^^^^^^^^^^^^^^^^^^^^^^^^^^^^^^
  File "/data/data/com.termux/files/usr/lib/python3.11/site-packages/jinja2/environment.py", line 1081, in get_or_select_template
    return self.get_template(template_name_or_list, parent, globals)
           ^^^^^^^^^^^^^^^^^^^^^^^^^^^^^^^^^^^^^^^^^^^^^^^^^^^^^^^^^
  File "/data/data/com.termux/files/usr/lib/python3.11/site-packages/jinja2/environment.py", line 1010, in get_template
    return self._load_template(name, globals)
           ^^^^^^^^^^^^^^^^^^^^^^^^^^^^^^^^^^
  File "/data/data/com.termux/files/usr/lib/python3.11/site-packages/jinja2/environment.py", line 969, in _load_template
    template = self.loader.load(self, name, self.make_globals(globals))
               ^^^^^^^^^^^^^^^^^^^^^^^^^^^^^^^^^^^^^^^^^^^^^^^^^^^^^^^^
  File "/data/data/com.termux/files/usr/lib/python3.11/site-packages/jinja2/loaders.py", line 126, in load
    source, filename, uptodate = self.get_source(environment, name)
                                 ^^^^^^^^^^^^^^^^^^^^^^^^^^^^^^^^^^
  File "/data/data/com.termux/files/usr/lib/python3.11/site-packages/flask/templating.py", line 65, in get_source
    return self._get_source_fast(environment, template)
           ^^^^^^^^^^^^^^^^^^^^^^^^^^^^^^^^^^^^^^^^^^^^
  File "/data/data/com.termux/files/usr/lib/python3.11/site-packages/flask/templating.py", line 99, in _get_source_fast
    raise TemplateNotFound(template)
jinja2.exceptions.TemplateNotFound: renomeador.html

During handling of the above exception, another exception occurred:

Traceback (most recent call last):
  File "/data/data/com.termux/files/usr/lib/python3.11/site-packages/flask/app.py", line 1455, in wsgi_app
    response = self.full_dispatch_request()
               ^^^^^^^^^^^^^^^^^^^^^^^^^^^^
  File "/data/data/com.termux/files/usr/lib/python3.11/site-packages/flask/app.py", line 869, in full_dispatch_request
    rv = self.handle_user_exception(e)
         ^^^^^^^^^^^^^^^^^^^^^^^^^^^^^
  File "/data/data/com.termux/files/usr/lib/python3.11/site-packages/flask/app.py", line 867, in full_dispatch_request
    rv = self.dispatch_request()
         ^^^^^^^^^^^^^^^^^^^^^^^
  File "/data/data/com.termux/files/usr/lib/python3.11/site-packages/flask/app.py", line 852, in dispatch_request
    return self.ensure_sync(self.view_functions[rule.endpoint])(**view_args)
           ^^^^^^^^^^^^^^^^^^^^^^^^^^^^^^^^^^^^^^^^^^^^^^^^^^^^^^^^^^^^^^^^^
  File "/data/data/com.termux/files/home/renomeador-arquivo/app/__init__.py", line 50, in renomear
    return render_template('renomeador.html', error_message=error_message)
           ^^^^^^^^^^^^^^^^^^^^^^^^^^^^^^^^^^^^^^^^^^^^^^^^^^^^^^^^^^^^^^^
  File "/data/data/com.termux/files/usr/lib/python3.11/site-packages/flask/templating.py", line 151, in render_template
    template = app.jinja_env.get_or_select_template(template_name_or_list)
               ^^^^^^^^^^^^^^^^^^^^^^^^^^^^^^^^^^^^^^^^^^^^^^^^^^^^^^^^^^^
  File "/data/data/com.termux/files/usr/lib/python3.11/site-packages/jinja2/environment.py", line 1081, in get_or_select_template
    return self.get_template(template_name_or_list, parent, globals)
           ^^^^^^^^^^^^^^^^^^^^^^^^^^^^^^^^^^^^^^^^^^^^^^^^^^^^^^^^^
  File "/data/data/com.termux/files/usr/lib/python3.11/site-packages/jinja2/environment.py", line 1010, in get_template
    return self._load_template(name, globals)
           ^^^^^^^^^^^^^^^^^^^^^^^^^^^^^^^^^^
  File "/data/data/com.termux/files/usr/lib/python3.11/site-packages/jinja2/environment.py", line 969, in _load_template
    template = self.loader.load(self, name, self.make_globals(globals))
               ^^^^^^^^^^^^^^^^^^^^^^^^^^^^^^^^^^^^^^^^^^^^^^^^^^^^^^^^
  File "/data/data/com.termux/files/usr/lib/python3.11/site-packages/jinja2/loaders.py", line 126, in load
    source, filename, uptodate = self.get_source(environment, name)
                                 ^^^^^^^^^^^^^^^^^^^^^^^^^^^^^^^^^^
  File "/data/data/com.termux/files/usr/lib/python3.11/site-packages/flask/templating.py", line 65, in get_source
    return self._get_source_fast(environment, template)
           ^^^^^^^^^^^^^^^^^^^^^^^^^^^^^^^^^^^^^^^^^^^^
  File "/data/data/com.termux/files/usr/lib/python3.11/site-packages/flask/templating.py", line 99, in _get_source_fast
    raise TemplateNotFound(template)
jinja2.exceptions.TemplateNotFound: renomeador.html
INFO:werkzeug:127.0.0.1 - - [01/Feb/2024 23:26:00] "[35m[1mPOST /renomear HTTP/1.1[0m" 500 -
INFO:werkzeug:[31m[1mWARNING: This is a development server. Do not use it in a production deployment. Use a production WSGI server instead.[0m
 * Running on http://127.0.0.1:5000
INFO:werkzeug:[33mPress CTRL+C to quit[0m
INFO:werkzeug:[31m[1mWARNING: This is a development server. Do not use it in a production deployment. Use a production WSGI server instead.[0m
 * Running on http://127.0.0.1:5000
INFO:werkzeug:[33mPress CTRL+C to quit[0m
INFO:werkzeug:127.0.0.1 - - [01/Feb/2024 23:29:44] "GET / HTTP/1.1" 200 -
INFO:root:Diret√≥rio: /storage/emulated/0/Download/teste
INFO:werkzeug:127.0.0.1 - - [01/Feb/2024 23:29:55] "[32mPOST /renomear HTTP/1.1[0m" 302 -
INFO:werkzeug:127.0.0.1 - - [01/Feb/2024 23:29:55] "GET / HTTP/1.1" 200 -
INFO:root:Diret√≥rio: /storage/emulated/0/Download/teste
INFO:werkzeug:127.0.0.1 - - [01/Feb/2024 23:30:51] "[32mPOST /renomear HTTP/1.1[0m" 302 -
INFO:werkzeug:127.0.0.1 - - [01/Feb/2024 23:30:51] "GET / HTTP/1.1" 200 -
INFO:werkzeug:[31m[1mWARNING: This is a development server. Do not use it in a production deployment. Use a production WSGI server instead.[0m
 * Running on http://127.0.0.1:5000
INFO:werkzeug:[33mPress CTRL+C to quit[0m
INFO:werkzeug:127.0.0.1 - - [01/Feb/2024 23:33:58] "GET / HTTP/1.1" 200 -
INFO:root:Diret√≥rio: /storage/emulated/0/Download/teste
INFO:root:Renomea√ß√µes realizadas em /storage/emulated/0/Download/teste: [('Andre 0.jpeg', 'foto 0.jpeg'), ('nome 4.jpeg', 'foto 2.jpeg'), ('nome 5.jpeg', 'foto 3.jpeg'), ('nome 6.jpeg', 'foto 4.jpeg'), ('nome 0.jpeg', 'foto 5.jpeg'), ('nome 8.jpeg', 'foto 6.jpeg'), ('foto 0.jpeg', 'foto 8.jpeg')]
INFO:werkzeug:127.0.0.1 - - [01/Feb/2024 23:34:13] "POST /renomear HTTP/1.1" 200 -
INFO:root:Diret√≥rio: /storage/emulated/0/Download/teste
INFO:root:Renomea√ß√µes realizadas em /storage/emulated/0/Download/teste: [('dados 6.txt', 'teste 7.txt')]
INFO:werkzeug:127.0.0.1 - - [01/Feb/2024 23:34:41] "POST /renomear HTTP/1.1" 200 -
INFO:werkzeug:[31m[1mWARNING: This is a development server. Do not use it in a production deployment. Use a production WSGI server instead.[0m
 * Running on http://127.0.0.1:5000
INFO:werkzeug:[33mPress CTRL+C to quit[0m
INFO:werkzeug:127.0.0.1 - - [01/Feb/2024 23:37:31] "GET / HTTP/1.1" 200 -
INFO:werkzeug:127.0.0.1 - - [01/Feb/2024 23:37:38] "GET / HTTP/1.1" 200 -
INFO:werkzeug:127.0.0.1 - - [01/Feb/2024 23:37:43] "[33mPOST /listar_tipos HTTP/1.1[0m" 404 -
INFO:werkzeug:[31m[1mWARNING: This is a development server. Do not use it in a production deployment. Use a production WSGI server instead.[0m
 * Running on http://127.0.0.1:5000
INFO:werkzeug:[33mPress CTRL+C to quit[0m
INFO:werkzeug:127.0.0.1 - - [01/Feb/2024 23:39:56] "GET / HTTP/1.1" 200 -
INFO:werkzeug:127.0.0.1 - - [01/Feb/2024 23:39:59] "[33mPOST /listar_tipos HTTP/1.1[0m" 404 -
INFO:werkzeug:127.0.0.1 - - [01/Feb/2024 23:40:02] "GET / HTTP/1.1" 200 -
INFO:werkzeug:127.0.0.1 - - [01/Feb/2024 23:40:04] "[33mPOST /listar_tipos HTTP/1.1[0m" 404 -
INFO:werkzeug:[31m[1mWARNING: This is a development server. Do not use it in a production deployment. Use a production WSGI server instead.[0m
 * Running on http://127.0.0.1:5000
INFO:werkzeug:[33mPress CTRL+C to quit[0m
INFO:werkzeug:127.0.0.1 - - [01/Feb/2024 23:44:24] "GET / HTTP/1.1" 200 -
INFO:werkzeug:127.0.0.1 - - [01/Feb/2024 23:47:46] "GET / HTTP/1.1" 200 -
INFO:werkzeug:[31m[1mWARNING: This is a development server. Do not use it in a production deployment. Use a production WSGI server instead.[0m
 * Running on http://127.0.0.1:5000
INFO:werkzeug:[33mPress CTRL+C to quit[0m
INFO:werkzeug:127.0.0.1 - - [01/Feb/2024 23:47:55] "GET / HTTP/1.1" 200 -
INFO:root:Diret√≥rio: /storage/emulated/0/Download/teste
INFO:root:Renomea√ß√µes realizadas em /storage/emulated/0/Download/teste: [('teste 7.txt', 'Ola 7.txt')]
INFO:werkzeug:127.0.0.1 - - [01/Feb/2024 23:48:45] "POST /renomear HTTP/1.1" 200 -
INFO:werkzeug:[31m[1mWARNING: This is a development server. Do not use it in a production deployment. Use a production WSGI server instead.[0m
 * Running on http://127.0.0.1:5000
INFO:werkzeug:[33mPress CTRL+C to quit[0m
INFO:werkzeug:127.0.0.1 - - [01/Feb/2024 23:56:44] "[33mGET /favicon.ico HTTP/1.1[0m" 404 -
INFO:werkzeug:127.0.0.1 - - [01/Feb/2024 23:56:47] "GET / HTTP/1.1" 200 -
INFO:root:Diret√≥rio: /storage/emulated/0/Download/teste
INFO:root:Renomea√ß√µes realizadas em /storage/emulated/0/Download/teste: [('foto 2.jpeg', 'Ola 0.jpeg'), ('foto 3.jpeg', 'Ola 1.jpeg'), ('foto 4.jpeg', 'Ola 3.jpeg'), ('foto 5.jpeg', 'Ola 4.jpeg'), ('foto 6.jpeg', 'Ola 5.jpeg'), ('foto 8.jpeg', 'Ola 6.jpeg')]
INFO:werkzeug:127.0.0.1 - - [01/Feb/2024 23:57:10] "POST /renomear HTTP/1.1" 200 -
INFO:werkzeug:[31m[1mWARNING: This is a development server. Do not use it in a production deployment. Use a production WSGI server instead.[0m
 * Running on http://127.0.0.1:5000
INFO:werkzeug:[33mPress CTRL+C to quit[0m
INFO:werkzeug:[31m[1mWARNING: This is a development server. Do not use it in a production deployment. Use a production WSGI server instead.[0m
 * Running on http://127.0.0.1:5000
INFO:werkzeug:[33mPress CTRL+C to quit[0m
INFO:werkzeug:127.0.0.1 - - [02/Feb/2024 00:07:49] "GET / HTTP/1.1" 200 -
INFO:werkzeug:127.0.0.1 - - [02/Feb/2024 00:07:50] "GET /static/bootstrap.min.css HTTP/1.1" 200 -
INFO:werkzeug:127.0.0.1 - - [02/Feb/2024 00:07:50] "[33mGET /static/style.css HTTP/1.1[0m" 404 -
INFO:werkzeug:[31m[1mWARNING: This is a development server. Do not use it in a production deployment. Use a production WSGI server instead.[0m
 * Running on http://127.0.0.1:5000
INFO:werkzeug:[33mPress CTRL+C to quit[0m
INFO:werkzeug:127.0.0.1 - - [02/Feb/2024 00:11:19] "GET / HTTP/1.1" 200 -
INFO:werkzeug:127.0.0.1 - - [02/Feb/2024 00:11:19] "GET /static/style.css HTTP/1.1" 200 -
INFO:werkzeug:127.0.0.1 - - [02/Feb/2024 00:11:20] "[36mGET /static/bootstrap.min.css HTTP/1.1[0m" 304 -
INFO:werkzeug:127.0.0.1 - - [02/Feb/2024 00:14:31] "GET / HTTP/1.1" 200 -
INFO:werkzeug:127.0.0.1 - - [02/Feb/2024 00:14:31] "[36mGET /static/bootstrap.min.css HTTP/1.1[0m" 304 -
INFO:werkzeug:127.0.0.1 - - [02/Feb/2024 00:14:31] "[36mGET /static/style.css HTTP/1.1[0m" 304 -
INFO:werkzeug:[31m[1mWARNING: This is a development server. Do not use it in a production deployment. Use a production WSGI server instead.[0m
 * Running on http://127.0.0.1:5000
INFO:werkzeug:[33mPress CTRL+C to quit[0m
INFO:werkzeug:127.0.0.1 - - [02/Feb/2024 00:14:40] "GET / HTTP/1.1" 200 -
INFO:werkzeug:127.0.0.1 - - [02/Feb/2024 00:14:40] "[36mGET /static/bootstrap.min.css HTTP/1.1[0m" 304 -
INFO:werkzeug:127.0.0.1 - - [02/Feb/2024 00:14:40] "[36mGET /static/style.css HTTP/1.1[0m" 304 -
INFO:werkzeug:[31m[1mWARNING: This is a development server. Do not use it in a production deployment. Use a production WSGI server instead.[0m
 * Running on http://127.0.0.1:5000
INFO:werkzeug:[33mPress CTRL+C to quit[0m
INFO:werkzeug:127.0.0.1 - - [02/Feb/2024 00:16:07] "GET / HTTP/1.1" 200 -
INFO:werkzeug:127.0.0.1 - - [02/Feb/2024 00:16:07] "[36mGET /static/bootstrap.min.css HTTP/1.1[0m" 304 -
INFO:werkzeug:127.0.0.1 - - [02/Feb/2024 00:16:07] "GET /static/style.css HTTP/1.1" 200 -
INFO:root:Diret√≥rio: /storage/emulated/0/Download/teste
INFO:root:Renomea√ß√µes realizadas em /storage/emulated/0/Download/teste: [('Ola 7.txt', 'Dados 7.txt')]
INFO:werkzeug:127.0.0.1 - - [02/Feb/2024 00:16:24] "POST /renomear HTTP/1.1" 200 -
INFO:werkzeug:127.0.0.1 - - [02/Feb/2024 00:16:24] "[36mGET /static/bootstrap.min.css HTTP/1.1[0m" 304 -
INFO:werkzeug:127.0.0.1 - - [02/Feb/2024 00:16:24] "[36mGET /static/style.css HTTP/1.1[0m" 304 -
ERROR:root:Ocorreu um erro: [Errno 2] No such file or directory: '/storage/emulated/0/Download/tee'
ERROR:app:Exception on /renomear [POST]
Traceback (most recent call last):
  File "/data/data/com.termux/files/home/renomeador-arquivo/app/__init__.py", line 20, in renomear
    os.chdir(diretorio)
FileNotFoundError: [Errno 2] No such file or directory: '/storage/emulated/0/Download/tee'

During handling of the above exception, another exception occurred:

Traceback (most recent call last):
  File "/data/data/com.termux/files/usr/lib/python3.11/site-packages/flask/app.py", line 1455, in wsgi_app
    response = self.full_dispatch_request()
               ^^^^^^^^^^^^^^^^^^^^^^^^^^^^
  File "/data/data/com.termux/files/usr/lib/python3.11/site-packages/flask/app.py", line 869, in full_dispatch_request
    rv = self.handle_user_exception(e)
         ^^^^^^^^^^^^^^^^^^^^^^^^^^^^^
  File "/data/data/com.termux/files/usr/lib/python3.11/site-packages/flask/app.py", line 867, in full_dispatch_request
    rv = self.dispatch_request()
         ^^^^^^^^^^^^^^^^^^^^^^^
  File "/data/data/com.termux/files/usr/lib/python3.11/site-packages/flask/app.py", line 852, in dispatch_request
    return self.ensure_sync(self.view_functions[rule.endpoint])(**view_args)
           ^^^^^^^^^^^^^^^^^^^^^^^^^^^^^^^^^^^^^^^^^^^^^^^^^^^^^^^^^^^^^^^^^
  File "/data/data/com.termux/files/home/renomeador-arquivo/app/__init__.py", line 49, in renomear
    return render_template('renomeador.html', error_message=error_message)
           ^^^^^^^^^^^^^^^^^^^^^^^^^^^^^^^^^^^^^^^^^^^^^^^^^^^^^^^^^^^^^^^
  File "/data/data/com.termux/files/usr/lib/python3.11/site-packages/flask/templating.py", line 151, in render_template
    template = app.jinja_env.get_or_select_template(template_name_or_list)
               ^^^^^^^^^^^^^^^^^^^^^^^^^^^^^^^^^^^^^^^^^^^^^^^^^^^^^^^^^^^
  File "/data/data/com.termux/files/usr/lib/python3.11/site-packages/jinja2/environment.py", line 1081, in get_or_select_template
    return self.get_template(template_name_or_list, parent, globals)
           ^^^^^^^^^^^^^^^^^^^^^^^^^^^^^^^^^^^^^^^^^^^^^^^^^^^^^^^^^
  File "/data/data/com.termux/files/usr/lib/python3.11/site-packages/jinja2/environment.py", line 1010, in get_template
    return self._load_template(name, globals)
           ^^^^^^^^^^^^^^^^^^^^^^^^^^^^^^^^^^
  File "/data/data/com.termux/files/usr/lib/python3.11/site-packages/jinja2/environment.py", line 969, in _load_template
    template = self.loader.load(self, name, self.make_globals(globals))
               ^^^^^^^^^^^^^^^^^^^^^^^^^^^^^^^^^^^^^^^^^^^^^^^^^^^^^^^^
  File "/data/data/com.termux/files/usr/lib/python3.11/site-packages/jinja2/loaders.py", line 126, in load
    source, filename, uptodate = self.get_source(environment, name)
                                 ^^^^^^^^^^^^^^^^^^^^^^^^^^^^^^^^^^
  File "/data/data/com.termux/files/usr/lib/python3.11/site-packages/flask/templating.py", line 65, in get_source
    return self._get_source_fast(environment, template)
           ^^^^^^^^^^^^^^^^^^^^^^^^^^^^^^^^^^^^^^^^^^^^
  File "/data/data/com.termux/files/usr/lib/python3.11/site-packages/flask/templating.py", line 99, in _get_source_fast
    raise TemplateNotFound(template)
jinja2.exceptions.TemplateNotFound: renomeador.html
INFO:werkzeug:127.0.0.1 - - [02/Feb/2024 00:16:44] "[35m[1mPOST /renomear HTTP/1.1[0m" 500 -
INFO:werkzeug:[31m[1mWARNING: This is a development server. Do not use it in a production deployment. Use a production WSGI server instead.[0m
 * Running on http://127.0.0.1:5000
INFO:werkzeug:[33mPress CTRL+C to quit[0m
INFO:werkzeug:127.0.0.1 - - [02/Feb/2024 00:20:50] "GET / HTTP/1.1" 200 -
INFO:werkzeug:127.0.0.1 - - [02/Feb/2024 00:20:51] "[36mGET /static/bootstrap.min.css HTTP/1.1[0m" 304 -
INFO:werkzeug:127.0.0.1 - - [02/Feb/2024 00:20:51] "[36mGET /static/style.css HTTP/1.1[0m" 304 -
INFO:werkzeug:[31m[1mWARNING: This is a development server. Do not use it in a production deployment. Use a production WSGI server instead.[0m
 * Running on http://127.0.0.1:5000
INFO:werkzeug:[33mPress CTRL+C to quit[0m
INFO:werkzeug:127.0.0.1 - - [02/Feb/2024 00:21:53] "GET / HTTP/1.1" 200 -
INFO:werkzeug:127.0.0.1 - - [02/Feb/2024 00:21:53] "[36mGET /static/bootstrap.min.css HTTP/1.1[0m" 304 -
INFO:werkzeug:127.0.0.1 - - [02/Feb/2024 00:21:53] "[36mGET /static/style.css HTTP/1.1[0m" 304 -
INFO:werkzeug:[31m[1mWARNING: This is a development server. Do not use it in a production deployment. Use a production WSGI server instead.[0m
 * Running on http://127.0.0.1:5000
INFO:werkzeug:[33mPress CTRL+C to quit[0m
INFO:werkzeug:127.0.0.1 - - [02/Feb/2024 00:22:46] "GET / HTTP/1.1" 200 -
INFO:werkzeug:127.0.0.1 - - [02/Feb/2024 00:22:46] "[36mGET /static/bootstrap.min.css HTTP/1.1[0m" 304 -
INFO:werkzeug:127.0.0.1 - - [02/Feb/2024 00:22:46] "[36mGET /static/style.css HTTP/1.1[0m" 304 -
INFO:werkzeug:[31m[1mWARNING: This is a development server. Do not use it in a production deployment. Use a production WSGI server instead.[0m
 * Running on http://127.0.0.1:5000
INFO:werkzeug:[33mPress CTRL+C to quit[0m
INFO:werkzeug:127.0.0.1 - - [02/Feb/2024 00:24:27] "GET / HTTP/1.1" 200 -
INFO:werkzeug:127.0.0.1 - - [02/Feb/2024 00:24:27] "[36mGET /static/bootstrap.min.css HTTP/1.1[0m" 304 -
INFO:werkzeug:127.0.0.1 - - [02/Feb/2024 00:24:27] "[36mGET /static/style.css HTTP/1.1[0m" 304 -
INFO:werkzeug:[31m[1mWARNING: This is a development server. Do not use it in a production deployment. Use a production WSGI server instead.[0m
 * Running on http://127.0.0.1:5000
INFO:werkzeug:[33mPress CTRL+C to quit[0m
INFO:werkzeug:127.0.0.1 - - [02/Feb/2024 00:27:30] "GET / HTTP/1.1" 200 -
INFO:werkzeug:127.0.0.1 - - [02/Feb/2024 00:27:30] "[36mGET /static/bootstrap.min.css HTTP/1.1[0m" 304 -
INFO:werkzeug:127.0.0.1 - - [02/Feb/2024 00:27:30] "GET /static/style.css HTTP/1.1" 200 -
INFO:werkzeug:[31m[1mWARNING: This is a development server. Do not use it in a production deployment. Use a production WSGI server instead.[0m
 * Running on http://127.0.0.1:5000
INFO:werkzeug:[33mPress CTRL+C to quit[0m
INFO:werkzeug:127.0.0.1 - - [02/Feb/2024 00:29:00] "GET / HTTP/1.1" 200 -
INFO:werkzeug:127.0.0.1 - - [02/Feb/2024 00:29:01] "GET /static/style.css HTTP/1.1" 200 -
INFO:werkzeug:127.0.0.1 - - [02/Feb/2024 00:29:01] "[36mGET /static/bootstrap.min.css HTTP/1.1[0m" 304 -
INFO:werkzeug:127.0.0.1 - - [02/Feb/2024 00:29:40] "GET / HTTP/1.1" 200 -
INFO:werkzeug:127.0.0.1 - - [02/Feb/2024 00:29:40] "[36mGET /static/bootstrap.min.css HTTP/1.1[0m" 304 -
INFO:werkzeug:127.0.0.1 - - [02/Feb/2024 00:29:40] "[36mGET /static/style.css HTTP/1.1[0m" 304 -
INFO:werkzeug:127.0.0.1 - - [02/Feb/2024 00:29:48] "GET / HTTP/1.1" 200 -
INFO:werkzeug:127.0.0.1 - - [02/Feb/2024 00:29:48] "[36mGET /static/bootstrap.min.css HTTP/1.1[0m" 304 -
INFO:werkzeug:127.0.0.1 - - [02/Feb/2024 00:29:48] "[36mGET /static/style.css HTTP/1.1[0m" 304 -
INFO:werkzeug:[31m[1mWARNING: This is a development server. Do not use it in a production deployment. Use a production WSGI server instead.[0m
 * Running on http://127.0.0.1:5000
INFO:werkzeug:[33mPress CTRL+C to quit[0m
INFO:werkzeug:127.0.0.1 - - [02/Feb/2024 00:32:35] "GET / HTTP/1.1" 200 -
INFO:werkzeug:127.0.0.1 - - [02/Feb/2024 00:32:35] "[36mGET /static/bootstrap.min.css HTTP/1.1[0m" 304 -
INFO:werkzeug:127.0.0.1 - - [02/Feb/2024 00:32:35] "[36mGET /static/style.css HTTP/1.1[0m" 304 -
INFO:werkzeug:[31m[1mWARNING: This is a development server. Do not use it in a production deployment. Use a production WSGI server instead.[0m
 * Running on http://127.0.0.1:5000
INFO:werkzeug:[33mPress CTRL+C to quit[0m
INFO:werkzeug:127.0.0.1 - - [02/Feb/2024 00:35:41] "GET / HTTP/1.1" 200 -
INFO:werkzeug:127.0.0.1 - - [02/Feb/2024 00:35:41] "[36mGET /static/bootstrap.min.css HTTP/1.1[0m" 304 -
INFO:werkzeug:127.0.0.1 - - [02/Feb/2024 00:35:41] "[36mGET /static/style.css HTTP/1.1[0m" 304 -
INFO:werkzeug:[31m[1mWARNING: This is a development server. Do not use it in a production deployment. Use a production WSGI server instead.[0m
 * Running on http://127.0.0.1:5000
INFO:werkzeug:[33mPress CTRL+C to quit[0m
INFO:werkzeug:127.0.0.1 - - [02/Feb/2024 00:39:03] "GET / HTTP/1.1" 200 -
INFO:werkzeug:127.0.0.1 - - [02/Feb/2024 00:39:03] "[36mGET /static/bootstrap.min.css HTTP/1.1[0m" 304 -
INFO:werkzeug:127.0.0.1 - - [02/Feb/2024 00:39:03] "[36mGET /static/style.css HTTP/1.1[0m" 304 -
INFO:werkzeug:127.0.0.1 - - [02/Feb/2024 00:39:04] "GET / HTTP/1.1" 200 -
INFO:werkzeug:127.0.0.1 - - [02/Feb/2024 00:39:04] "[36mGET /static/bootstrap.min.css HTTP/1.1[0m" 304 -
INFO:werkzeug:127.0.0.1 - - [02/Feb/2024 00:39:04] "[36mGET /static/style.css HTTP/1.1[0m" 304 -
INFO:werkzeug:127.0.0.1 - - [02/Feb/2024 00:39:30] "GET / HTTP/1.1" 200 -
INFO:werkzeug:127.0.0.1 - - [02/Feb/2024 00:39:30] "[36mGET /static/bootstrap.min.css HTTP/1.1[0m" 304 -
INFO:werkzeug:127.0.0.1 - - [02/Feb/2024 00:39:30] "[36mGET /static/style.css HTTP/1.1[0m" 304 -
INFO:werkzeug:[31m[1mWARNING: This is a development server. Do not use it in a production deployment. Use a production WSGI server instead.[0m
 * Running on http://127.0.0.1:5000
INFO:werkzeug:[33mPress CTRL+C to quit[0m
INFO:werkzeug:127.0.0.1 - - [02/Feb/2024 00:41:14] "GET / HTTP/1.1" 200 -
INFO:werkzeug:127.0.0.1 - - [02/Feb/2024 00:41:14] "[36mGET /static/bootstrap.min.css HTTP/1.1[0m" 304 -
INFO:werkzeug:127.0.0.1 - - [02/Feb/2024 00:41:14] "[36mGET /static/style.css HTTP/1.1[0m" 304 -
INFO:root:Diret√≥rio: /storage/emulated/0/Download/teste
INFO:root:Renomea√ß√µes realizadas em /storage/emulated/0/Download/teste: [('Ola 1.jpeg', 'foto 0.jpeg'), ('Ola 3.jpeg', 'foto 1.jpeg'), ('Ola 4.jpeg', 'foto 3.jpeg'), ('Ola 5.jpeg', 'foto 4.jpeg'), ('Ola 6.jpeg', 'foto 5.jpeg'), ('Ola 0.jpeg', 'foto 7.jpeg')]
INFO:werkzeug:127.0.0.1 - - [02/Feb/2024 00:41:31] "POST /renomear HTTP/1.1" 200 -
INFO:werkzeug:127.0.0.1 - - [02/Feb/2024 00:41:31] "[36mGET /static/bootstrap.min.css HTTP/1.1[0m" 304 -
INFO:werkzeug:127.0.0.1 - - [02/Feb/2024 00:41:31] "[36mGET /static/style.css HTTP/1.1[0m" 304 -
INFO:werkzeug:[31m[1mWARNING: This is a development server. Do not use it in a production deployment. Use a production WSGI server instead.[0m
 * Running on http://127.0.0.1:5000
INFO:werkzeug:[33mPress CTRL+C to quit[0m
INFO:werkzeug:127.0.0.1 - - [02/Feb/2024 00:44:39] "GET / HTTP/1.1" 200 -
INFO:werkzeug:127.0.0.1 - - [02/Feb/2024 00:44:39] "[36mGET /static/bootstrap.min.css HTTP/1.1[0m" 304 -
INFO:werkzeug:127.0.0.1 - - [02/Feb/2024 00:44:39] "[36mGET /static/style.css HTTP/1.1[0m" 304 -
INFO:root:Diret√≥rio: /storage/emulated/0/Download/teste
INFO:root:Renomea√ß√µes realizadas em /storage/emulated/0/Download/teste: [('foto 1.jpeg', 'Photo 0.jpeg'), ('foto 3.jpeg', 'Photo 1.jpeg'), ('foto 4.jpeg', 'Photo 3.jpeg'), ('foto 5.jpeg', 'Photo 4.jpeg'), ('foto 7.jpeg', 'Photo 5.jpeg'), ('foto 0.jpeg', 'Photo 7.jpeg')]
INFO:werkzeug:127.0.0.1 - - [02/Feb/2024 00:44:47] "POST /renomear HTTP/1.1" 200 -
INFO:werkzeug:127.0.0.1 - - [02/Feb/2024 00:44:47] "[36mGET /static/bootstrap.min.css HTTP/1.1[0m" 304 -
INFO:werkzeug:127.0.0.1 - - [02/Feb/2024 00:44:47] "[36mGET /static/style.css HTTP/1.1[0m" 304 -
INFO:root:Diret√≥rio: /storage/emulated/0/Download/teste
INFO:root:Renomea√ß√µes realizadas em /storage/emulated/0/Download/teste: [('Photo 1.jpeg', 'foto 0.jpeg'), ('Photo 3.jpeg', 'foto 1.jpeg'), ('Photo 4.jpeg', 'foto 2.jpeg'), ('Photo 5.jpeg', 'foto 3.jpeg'), ('Photo 7.jpeg', 'foto 4.jpeg'), ('Photo 0.jpeg', 'foto 6.jpeg')]
INFO:werkzeug:127.0.0.1 - - [02/Feb/2024 00:47:23] "POST /renomear HTTP/1.1" 200 -
INFO:werkzeug:127.0.0.1 - - [02/Feb/2024 00:47:23] "[36mGET /static/bootstrap.min.css HTTP/1.1[0m" 304 -
INFO:werkzeug:127.0.0.1 - - [02/Feb/2024 00:47:23] "[36mGET /static/style.css HTTP/1.1[0m" 304 -
INFO:werkzeug:[31m[1mWARNING: This is a development server. Do not use it in a production deployment. Use a production WSGI server instead.[0m
 * Running on http://127.0.0.1:5000
INFO:werkzeug:[33mPress CTRL+C to quit[0m
INFO:werkzeug:127.0.0.1 - - [02/Feb/2024 00:56:40] "GET / HTTP/1.1" 200 -
INFO:werkzeug:127.0.0.1 - - [02/Feb/2024 00:56:41] "[36mGET /static/bootstrap.min.css HTTP/1.1[0m" 304 -
INFO:werkzeug:127.0.0.1 - - [02/Feb/2024 00:56:41] "[36mGET /static/style.css HTTP/1.1[0m" 304 -
INFO:root:Diret√≥rio: /storage/emulated/0/Download/teste
INFO:root:Renomea√ß√µes realizadas em /storage/emulated/0/Download/teste: [('foto 1.jpeg', 'foto 0.jpeg'), ('foto 2.jpeg', 'foto 1.jpeg'), ('foto 3.jpeg', 'foto 2.jpeg'), ('foto 4.jpeg', 'foto 3.jpeg'), ('foto 6.jpeg', 'foto 4.jpeg'), ('foto 0.jpeg', 'foto 6.jpeg')]
INFO:werkzeug:127.0.0.1 - - [02/Feb/2024 00:56:56] "POST /renomear HTTP/1.1" 200 -
INFO:werkzeug:127.0.0.1 - - [02/Feb/2024 00:56:56] "[36mGET /static/bootstrap.min.css HTTP/1.1[0m" 304 -
INFO:werkzeug:127.0.0.1 - - [02/Feb/2024 00:56:56] "[36mGET /static/style.css HTTP/1.1[0m" 304 -
INFO:werkzeug:127.0.0.1 - - [02/Feb/2024 01:01:49] "[33mGET /favicon.ico HTTP/1.1[0m" 404 -
